\BOOKMARK [0][-]{chapter.1}{\376\377\0001\000\040\000A\000u\000t\000o\000m\000a\000t\000i\000c\000\040\000l\000i\000t\000e\000r\000a\000t\000u\000r\000e\000\040\000a\000n\000a\000l\000y\000s\000i\000s}{}% 1
\BOOKMARK [0][-]{chapter.2}{\376\377\0002\000\040\000H\000i\000e\000r\000a\000r\000c\000h\000i\000c\000a\000l\000\040\000I\000n\000d\000e\000x}{}% 2
\BOOKMARK [1][-]{section.2.1}{\376\377\0002\000.\0001\000\040\000C\000l\000a\000s\000s\000\040\000H\000i\000e\000r\000a\000r\000c\000h\000y}{chapter.2}% 3
\BOOKMARK [0][-]{chapter.3}{\376\377\0003\000\040\000C\000l\000a\000s\000s\000\040\000I\000n\000d\000e\000x}{}% 4
\BOOKMARK [1][-]{section.3.1}{\376\377\0003\000.\0001\000\040\000C\000l\000a\000s\000s\000\040\000L\000i\000s\000t}{chapter.3}% 5
\BOOKMARK [0][-]{chapter.4}{\376\377\0004\000\040\000C\000l\000a\000s\000s\000\040\000D\000o\000c\000u\000m\000e\000n\000t\000a\000t\000i\000o\000n}{}% 6
\BOOKMARK [1][-]{section.4.1}{\376\377\0004\000.\0001\000\040\000E\000n\000t\000i\000t\000i\000e\000s\000C\000o\000n\000c\000e\000p\000t\000s\000A\000n\000a\000l\000y\000s\000i\000s\000.\000A\000u\000t\000h\000o\000r\000s\000C\000o\000n\000c\000e\000p\000t\000s\000A\000n\000a\000l\000y\000s\000i\000s\000\040\000C\000l\000a\000s\000s\000\040\000R\000e\000f\000e\000r\000e\000n\000c\000e}{chapter.4}% 7
\BOOKMARK [1][-]{section.4.2}{\376\377\0004\000.\0002\000\040\000E\000n\000t\000i\000t\000i\000e\000s\000C\000o\000n\000c\000e\000p\000t\000s\000P\000l\000o\000t\000.\000A\000u\000t\000h\000o\000r\000s\000C\000o\000n\000c\000e\000p\000t\000s\000P\000l\000o\000t\000\040\000C\000l\000a\000s\000s\000\040\000R\000e\000f\000e\000r\000e\000n\000c\000e}{chapter.4}% 8
\BOOKMARK [1][-]{section.4.3}{\376\377\0004\000.\0003\000\040\000E\000n\000t\000i\000t\000i\000e\000s\000C\000o\000n\000c\000e\000p\000t\000s\000A\000n\000a\000l\000y\000s\000i\000s\000.\000C\000o\000n\000c\000e\000p\000t\000s\000C\000o\000n\000c\000e\000p\000t\000s\000A\000n\000a\000l\000y\000s\000i\000s\000\040\000C\000l\000a\000s\000s\000\040\000R\000e\000f\000e\000r\000e\000n\000c\000e}{chapter.4}% 9
\BOOKMARK [1][-]{section.4.4}{\376\377\0004\000.\0004\000\040\000E\000n\000t\000i\000t\000i\000e\000s\000C\000o\000n\000c\000e\000p\000t\000s\000P\000l\000o\000t\000.\000C\000o\000n\000c\000e\000p\000t\000s\000C\000o\000n\000c\000e\000p\000t\000s\000P\000l\000o\000t\000\040\000C\000l\000a\000s\000s\000\040\000R\000e\000f\000e\000r\000e\000n\000c\000e}{chapter.4}% 10
\BOOKMARK [1][-]{section.4.5}{\376\377\0004\000.\0005\000\040\000E\000n\000t\000i\000t\000i\000e\000s\000C\000o\000n\000c\000e\000p\000t\000s\000A\000n\000a\000l\000y\000s\000i\000s\000.\000E\000n\000t\000i\000t\000i\000e\000s\000C\000o\000n\000c\000e\000p\000t\000s\000A\000n\000a\000l\000y\000s\000i\000s\000\040\000C\000l\000a\000s\000s\000\040\000R\000e\000f\000e\000r\000e\000n\000c\000e}{chapter.4}% 11
\BOOKMARK [2][-]{subsection.4.5.1}{\376\377\0004\000.\0005\000.\0001\000\040\000D\000e\000t\000a\000i\000l\000e\000d\000\040\000D\000e\000s\000c\000r\000i\000p\000t\000i\000o\000n}{section.4.5}% 12
\BOOKMARK [2][-]{subsection.4.5.2}{\376\377\0004\000.\0005\000.\0002\000\040\000C\000o\000n\000s\000t\000r\000u\000c\000t\000o\000r\000\040\000\046\000\040\000D\000e\000s\000t\000r\000u\000c\000t\000o\000r\000\040\000D\000o\000c\000u\000m\000e\000n\000t\000a\000t\000i\000o\000n}{section.4.5}% 13
\BOOKMARK [3][-]{subsubsection.4.5.2.1}{\376\377\0004\000.\0005\000.\0002\000.\0001\000\040\000\137\000\137\000i\000n\000i\000t\000\137\000\137\000\050\000\051}{subsection.4.5.2}% 14
\BOOKMARK [2][-]{subsection.4.5.3}{\376\377\0004\000.\0005\000.\0003\000\040\000M\000e\000m\000b\000e\000r\000\040\000F\000u\000n\000c\000t\000i\000o\000n\000\040\000D\000o\000c\000u\000m\000e\000n\000t\000a\000t\000i\000o\000n}{section.4.5}% 15
\BOOKMARK [3][-]{subsubsection.4.5.3.1}{\376\377\0004\000.\0005\000.\0003\000.\0001\000\040\000a\000d\000d\000\137\000a\000v\000e\000r\000a\000g\000e\000\137\000c\000o\000m\000b\000i\000n\000e\000d\000\137\000c\000o\000n\000c\000e\000p\000t\000\137\000s\000c\000o\000r\000e\000\137\000t\000o\000\137\000m\000u\000l\000t\000i\000\137\000c\000o\000n\000c\000e\000p\000t\000\137\000e\000n\000t\000i\000t\000i\000e\000\137\000d\000f\000\050\000\051}{subsection.4.5.3}% 16
\BOOKMARK [3][-]{subsubsection.4.5.3.2}{\376\377\0004\000.\0005\000.\0003\000.\0002\000\040\000c\000r\000e\000a\000t\000e\000\137\000m\000u\000l\000t\000i\000\137\000c\000o\000n\000c\000e\000p\000t\000\137\000f\000i\000l\000t\000e\000r\000s\000\137\000e\000n\000t\000i\000t\000i\000e\000s\000\137\000d\000a\000t\000a\000f\000r\000a\000m\000e\000\050\000\051}{subsection.4.5.3}% 17
\BOOKMARK [3][-]{subsubsection.4.5.3.3}{\376\377\0004\000.\0005\000.\0003\000.\0003\000\040\000g\000e\000t\000\137\000a\000p\000i\000\137\000q\000u\000e\000r\000y\000\050\000\051}{subsection.4.5.3}% 18
\BOOKMARK [3][-]{subsubsection.4.5.3.4}{\376\377\0004\000.\0005\000.\0003\000.\0004\000\040\000g\000e\000t\000\137\000c\000o\000u\000n\000t\000\137\000e\000n\000t\000i\000t\000i\000e\000s\000\137\000m\000a\000t\000c\000h\000e\000d\000\050\000\051}{subsection.4.5.3}% 19
\BOOKMARK [3][-]{subsubsection.4.5.3.5}{\376\377\0004\000.\0005\000.\0003\000.\0005\000\040\000g\000e\000t\000\137\000d\000a\000t\000a\000b\000a\000s\000e\000\137\000f\000i\000l\000e\000\137\000n\000a\000m\000e\000\050\000\051}{subsection.4.5.3}% 20
\BOOKMARK [3][-]{subsubsection.4.5.3.6}{\376\377\0004\000.\0005\000.\0003\000.\0006\000\040\000g\000e\000t\000\137\000d\000f\000\137\000f\000i\000l\000t\000e\000r\000e\000d\000\137\000e\000n\000t\000i\000t\000i\000e\000s\000\137\000s\000e\000l\000e\000c\000t\000i\000o\000n\000\137\000t\000h\000r\000e\000s\000h\000o\000l\000d\000\050\000\051}{subsection.4.5.3}% 21
\BOOKMARK [3][-]{subsubsection.4.5.3.7}{\376\377\0004\000.\0005\000.\0003\000.\0007\000\040\000g\000e\000t\000\137\000e\000n\000t\000i\000t\000i\000e\000\137\000s\000t\000r\000i\000n\000g\000\137\000n\000a\000m\000e\000\050\000\051}{subsection.4.5.3}% 22
\BOOKMARK [3][-]{subsubsection.4.5.3.8}{\376\377\0004\000.\0005\000.\0003\000.\0008\000\040\000g\000e\000t\000\137\000e\000n\000t\000i\000t\000i\000e\000\137\000t\000y\000p\000e\000\137\000f\000r\000o\000m\000\137\000i\000d\000\050\000\051}{subsection.4.5.3}% 23
\BOOKMARK [3][-]{subsubsection.4.5.3.9}{\376\377\0004\000.\0005\000.\0003\000.\0009\000\040\000g\000e\000t\000\137\000n\000a\000m\000e\000\137\000o\000f\000\137\000e\000n\000t\000i\000t\000i\000e\000\050\000\051}{subsection.4.5.3}% 24
\BOOKMARK [3][-]{subsubsection.4.5.3.10}{\376\377\0004\000.\0005\000.\0003\000.\0001\0000\000\040\000g\000e\000t\000\137\000n\000u\000m\000b\000e\000r\000\137\000o\000f\000\137\000e\000n\000t\000i\000t\000i\000e\000s\000\137\000s\000e\000l\000e\000c\000t\000e\000d\000\050\000\051}{subsection.4.5.3}% 25
\BOOKMARK [1][-]{section.4.6}{\376\377\0004\000.\0006\000\040\000E\000n\000t\000i\000t\000i\000e\000s\000C\000o\000n\000c\000e\000p\000t\000s\000P\000l\000o\000t\000.\000E\000n\000t\000i\000t\000i\000e\000s\000C\000o\000n\000c\000e\000p\000t\000s\000P\000l\000o\000t\000\040\000C\000l\000a\000s\000s\000\040\000R\000e\000f\000e\000r\000e\000n\000c\000e}{chapter.4}% 26
\BOOKMARK [2][-]{subsection.4.6.1}{\376\377\0004\000.\0006\000.\0001\000\040\000D\000e\000t\000a\000i\000l\000e\000d\000\040\000D\000e\000s\000c\000r\000i\000p\000t\000i\000o\000n}{section.4.6}% 27
\BOOKMARK [2][-]{subsection.4.6.2}{\376\377\0004\000.\0006\000.\0002\000\040\000M\000e\000m\000b\000e\000r\000\040\000F\000u\000n\000c\000t\000i\000o\000n\000\040\000D\000o\000c\000u\000m\000e\000n\000t\000a\000t\000i\000o\000n}{section.4.6}% 28
\BOOKMARK [3][-]{subsubsection.4.6.2.1}{\376\377\0004\000.\0006\000.\0002\000.\0001\000\040\000g\000e\000t\000\137\000f\000i\000g\000u\000r\000e\000\137\000e\000n\000t\000i\000t\000i\000e\000s\000\137\000o\000f\000\137\000a\000\137\000c\000o\000n\000c\000e\000p\000t\000\137\000c\000o\000l\000o\000r\000\137\000c\000o\000u\000n\000t\000r\000y\000\050\000\051}{subsection.4.6.2}% 29
\BOOKMARK [3][-]{subsubsection.4.6.2.2}{\376\377\0004\000.\0006\000.\0002\000.\0002\000\040\000g\000e\000t\000\137\000f\000i\000g\000u\000r\000e\000\137\000e\000n\000t\000i\000t\000i\000e\000s\000\137\000s\000e\000l\000e\000c\000t\000i\000o\000n\000\137\000t\000h\000r\000e\000s\000h\000o\000l\000d\000\050\000\051}{subsection.4.6.2}% 30
\BOOKMARK [3][-]{subsubsection.4.6.2.3}{\376\377\0004\000.\0006\000.\0002\000.\0003\000\040\000g\000e\000t\000\137\000f\000i\000g\000u\000r\000e\000\137\000t\000i\000m\000e\000\137\000s\000e\000r\000i\000e\000s\000\137\000e\000l\000e\000m\000e\000n\000t\000\137\000u\000s\000e\000d\000\137\000b\000y\000\137\000e\000n\000t\000i\000t\000i\000e\000s\000\050\000\051}{subsection.4.6.2}% 31
\BOOKMARK [1][-]{section.4.7}{\376\377\0004\000.\0007\000\040\000E\000n\000t\000i\000t\000i\000e\000s\000C\000o\000n\000c\000e\000p\000t\000s\000A\000n\000a\000l\000y\000s\000i\000s\000.\000I\000n\000s\000t\000i\000t\000u\000t\000i\000o\000n\000s\000C\000o\000n\000c\000e\000p\000t\000s\000A\000n\000a\000l\000y\000s\000i\000s\000\040\000C\000l\000a\000s\000s\000\040\000R\000e\000f\000e\000r\000e\000n\000c\000e}{chapter.4}% 32
\BOOKMARK [2][-]{subsection.4.7.1}{\376\377\0004\000.\0007\000.\0001\000\040\000D\000e\000t\000a\000i\000l\000e\000d\000\040\000D\000e\000s\000c\000r\000i\000p\000t\000i\000o\000n}{section.4.7}% 33
\BOOKMARK [2][-]{subsection.4.7.2}{\376\377\0004\000.\0007\000.\0002\000\040\000M\000e\000m\000b\000e\000r\000\040\000F\000u\000n\000c\000t\000i\000o\000n\000\040\000D\000o\000c\000u\000m\000e\000n\000t\000a\000t\000i\000o\000n}{section.4.7}% 34
\BOOKMARK [3][-]{subsubsection.4.7.2.1}{\376\377\0004\000.\0007\000.\0002\000.\0001\000\040\000f\000i\000l\000t\000e\000r\000\137\000a\000n\000d\000\137\000f\000o\000r\000m\000a\000t\000\137\000e\000n\000t\000i\000t\000i\000e\000\137\000d\000a\000t\000a\000\137\000f\000r\000o\000m\000\137\000a\000p\000i\000\137\000r\000e\000s\000p\000o\000n\000s\000e\000\050\000\051}{subsection.4.7.2}% 35
\BOOKMARK [3][-]{subsubsection.4.7.2.2}{\376\377\0004\000.\0007\000.\0002\000.\0002\000\040\000g\000e\000t\000\137\000s\000u\000m\000\137\000c\000o\000n\000c\000e\000p\000t\000\137\000s\000c\000o\000r\000e\000s\000\050\000\051}{subsection.4.7.2}% 36
\BOOKMARK [1][-]{section.4.8}{\376\377\0004\000.\0008\000\040\000E\000n\000t\000i\000t\000i\000e\000s\000C\000o\000n\000c\000e\000p\000t\000s\000P\000l\000o\000t\000.\000I\000n\000s\000t\000i\000t\000u\000t\000i\000o\000n\000s\000C\000o\000n\000c\000e\000p\000t\000s\000P\000l\000o\000t\000\040\000C\000l\000a\000s\000s\000\040\000R\000e\000f\000e\000r\000e\000n\000c\000e}{chapter.4}% 37
\BOOKMARK [2][-]{subsection.4.8.1}{\376\377\0004\000.\0008\000.\0001\000\040\000D\000e\000t\000a\000i\000l\000e\000d\000\040\000D\000e\000s\000c\000r\000i\000p\000t\000i\000o\000n}{section.4.8}% 38
\BOOKMARK [2][-]{subsection.4.8.2}{\376\377\0004\000.\0008\000.\0002\000\040\000M\000e\000m\000b\000e\000r\000\040\000F\000u\000n\000c\000t\000i\000o\000n\000\040\000D\000o\000c\000u\000m\000e\000n\000t\000a\000t\000i\000o\000n}{section.4.8}% 39
\BOOKMARK [3][-]{subsubsection.4.8.2.1}{\376\377\0004\000.\0008\000.\0002\000.\0001\000\040\000g\000e\000t\000\137\000f\000i\000g\000u\000r\000e\000\137\000i\000n\000s\000t\000i\000t\000u\000t\000i\000o\000n\000s\000\137\000m\000u\000l\000t\000i\000\137\000c\000o\000n\000c\000e\000p\000t\000s\000\137\000f\000i\000l\000t\000e\000r\000e\000d\000\050\000\051}{subsection.4.8.2}% 40
\BOOKMARK [3][-]{subsubsection.4.8.2.2}{\376\377\0004\000.\0008\000.\0002\000.\0002\000\040\000g\000e\000t\000C\000u\000s\000t\000o\000m\000D\000a\000t\000a\000\050\000\051}{subsection.4.8.2}% 41
\BOOKMARK [3][-]{subsubsection.4.8.2.3}{\376\377\0004\000.\0008\000.\0002\000.\0003\000\040\000g\000e\000t\000H\000o\000v\000e\000r\000T\000e\000m\000p\000l\000a\000t\000e\000\050\000\051}{subsection.4.8.2}% 42
\BOOKMARK [1][-]{section.4.9}{\376\377\0004\000.\0009\000\040\000O\000A\000\137\000e\000n\000t\000i\000t\000i\000e\000s\000\137\000n\000a\000m\000e\000s\000.\000O\000A\000\137\000e\000n\000t\000i\000t\000i\000e\000s\000\137\000n\000a\000m\000e\000s\000\040\000C\000l\000a\000s\000s\000\040\000R\000e\000f\000e\000r\000e\000n\000c\000e}{chapter.4}% 43
\BOOKMARK [2][-]{subsection.4.9.1}{\376\377\0004\000.\0009\000.\0001\000\040\000D\000e\000t\000a\000i\000l\000e\000d\000\040\000D\000e\000s\000c\000r\000i\000p\000t\000i\000o\000n}{section.4.9}% 44
\BOOKMARK [1][-]{section.4.10}{\376\377\0004\000.\0001\0000\000\040\000E\000n\000t\000i\000t\000i\000e\000s\000C\000o\000n\000c\000e\000p\000t\000s\000A\000n\000a\000l\000y\000s\000i\000s\000.\000P\000u\000b\000l\000i\000s\000h\000e\000r\000s\000C\000o\000n\000c\000e\000p\000t\000s\000A\000n\000a\000l\000y\000s\000i\000s\000\040\000C\000l\000a\000s\000s\000\040\000R\000e\000f\000e\000r\000e\000n\000c\000e}{chapter.4}% 45
\BOOKMARK [1][-]{section.4.11}{\376\377\0004\000.\0001\0001\000\040\000E\000n\000t\000i\000t\000i\000e\000s\000C\000o\000n\000c\000e\000p\000t\000s\000P\000l\000o\000t\000.\000P\000u\000b\000l\000i\000s\000h\000e\000r\000s\000C\000o\000n\000c\000e\000p\000t\000s\000P\000l\000o\000t\000\040\000C\000l\000a\000s\000s\000\040\000R\000e\000f\000e\000r\000e\000n\000c\000e}{chapter.4}% 46
\BOOKMARK [1][-]{section.4.12}{\376\377\0004\000.\0001\0002\000\040\000E\000n\000t\000i\000t\000i\000e\000s\000C\000o\000n\000c\000e\000p\000t\000s\000A\000n\000a\000l\000y\000s\000i\000s\000.\000S\000o\000u\000r\000c\000e\000s\000C\000o\000n\000c\000e\000p\000t\000s\000A\000n\000a\000l\000y\000s\000i\000s\000\040\000C\000l\000a\000s\000s\000\040\000R\000e\000f\000e\000r\000e\000n\000c\000e}{chapter.4}% 47
\BOOKMARK [1][-]{section.4.13}{\376\377\0004\000.\0001\0003\000\040\000E\000n\000t\000i\000t\000i\000e\000s\000C\000o\000n\000c\000e\000p\000t\000s\000P\000l\000o\000t\000.\000S\000o\000u\000r\000c\000e\000s\000C\000o\000n\000c\000e\000p\000t\000s\000P\000l\000o\000t\000\040\000C\000l\000a\000s\000s\000\040\000R\000e\000f\000e\000r\000e\000n\000c\000e}{chapter.4}% 48
\BOOKMARK [1][-]{section.4.14}{\376\377\0004\000.\0001\0004\000\040\000E\000n\000t\000i\000t\000i\000e\000s\000C\000o\000n\000c\000e\000p\000t\000s\000A\000n\000a\000l\000y\000s\000i\000s\000.\000W\000o\000r\000k\000s\000C\000o\000n\000c\000e\000p\000t\000s\000A\000n\000a\000l\000y\000s\000i\000s\000\040\000C\000l\000a\000s\000s\000\040\000R\000e\000f\000e\000r\000e\000n\000c\000e}{chapter.4}% 49
\BOOKMARK [2][-]{subsection.4.14.1}{\376\377\0004\000.\0001\0004\000.\0001\000\040\000D\000e\000t\000a\000i\000l\000e\000d\000\040\000D\000e\000s\000c\000r\000i\000p\000t\000i\000o\000n}{section.4.14}% 50
\BOOKMARK [2][-]{subsection.4.14.2}{\376\377\0004\000.\0001\0004\000.\0002\000\040\000M\000e\000m\000b\000e\000r\000\040\000F\000u\000n\000c\000t\000i\000o\000n\000\040\000D\000o\000c\000u\000m\000e\000n\000t\000a\000t\000i\000o\000n}{section.4.14}% 51
\BOOKMARK [3][-]{subsubsection.4.14.2.1}{\376\377\0004\000.\0001\0004\000.\0002\000.\0001\000\040\000a\000d\000d\000\137\000s\000t\000a\000t\000i\000s\000t\000i\000c\000s\000\137\000t\000o\000\137\000e\000l\000e\000m\000e\000n\000t\000\137\000c\000o\000u\000n\000t\000\137\000a\000r\000r\000a\000y\000\050\000\051}{subsection.4.14.2}% 52
\BOOKMARK [3][-]{subsubsection.4.14.2.2}{\376\377\0004\000.\0001\0004\000.\0002\000.\0002\000\040\000c\000r\000e\000a\000t\000e\000\137\000e\000l\000e\000m\000e\000n\000t\000\137\000u\000s\000e\000d\000\137\000c\000o\000u\000n\000t\000\137\000a\000r\000r\000a\000y\000\050\000\051}{subsection.4.14.2}% 53
\BOOKMARK [3][-]{subsubsection.4.14.2.3}{\376\377\0004\000.\0001\0004\000.\0002\000.\0003\000\040\000f\000i\000l\000t\000e\000r\000\137\000a\000n\000d\000\137\000f\000o\000r\000m\000a\000t\000\137\000e\000n\000t\000i\000t\000i\000e\000\137\000d\000a\000t\000a\000\137\000f\000r\000o\000m\000\137\000a\000p\000i\000\137\000r\000e\000s\000p\000o\000n\000s\000e\000\050\000\051}{subsection.4.14.2}% 54
\BOOKMARK [3][-]{subsubsection.4.14.2.4}{\376\377\0004\000.\0001\0004\000.\0002\000.\0004\000\040\000g\000e\000t\000\137\000c\000o\000u\000n\000t\000r\000y\000\137\000c\000o\000d\000e\000\050\000\051}{subsection.4.14.2}% 55
\BOOKMARK [3][-]{subsubsection.4.14.2.5}{\376\377\0004\000.\0001\0004\000.\0002\000.\0005\000\040\000g\000e\000t\000\137\000i\000n\000s\000t\000i\000t\000u\000t\000i\000o\000n\000\137\000n\000a\000m\000e\000\050\000\051}{subsection.4.14.2}% 56
\BOOKMARK [3][-]{subsubsection.4.14.2.6}{\376\377\0004\000.\0001\0004\000.\0002\000.\0006\000\040\000g\000e\000t\000\137\000w\000o\000r\000k\000s\000\137\000c\000o\000n\000c\000e\000p\000t\000s\000\137\000c\000o\000u\000n\000t\000\050\000\051}{subsection.4.14.2}% 57
\BOOKMARK [3][-]{subsubsection.4.14.2.7}{\376\377\0004\000.\0001\0004\000.\0002\000.\0007\000\040\000g\000e\000t\000\137\000w\000o\000r\000k\000s\000\137\000r\000e\000f\000e\000r\000e\000n\000c\000e\000s\000\137\000c\000o\000u\000n\000t\000\050\000\051}{subsection.4.14.2}% 58
\BOOKMARK [3][-]{subsubsection.4.14.2.8}{\376\377\0004\000.\0001\0004\000.\0002\000.\0008\000\040\000s\000o\000r\000t\000\137\000c\000o\000u\000n\000t\000\137\000a\000r\000r\000a\000y\000\050\000\051}{subsection.4.14.2}% 59
\BOOKMARK [1][-]{section.4.15}{\376\377\0004\000.\0001\0005\000\040\000E\000n\000t\000i\000t\000i\000e\000s\000C\000o\000n\000c\000e\000p\000t\000s\000P\000l\000o\000t\000.\000W\000o\000r\000k\000s\000C\000o\000n\000c\000e\000p\000t\000s\000P\000l\000o\000t\000\040\000C\000l\000a\000s\000s\000\040\000R\000e\000f\000e\000r\000e\000n\000c\000e}{chapter.4}% 60
\BOOKMARK [2][-]{subsection.4.15.1}{\376\377\0004\000.\0001\0005\000.\0001\000\040\000D\000e\000t\000a\000i\000l\000e\000d\000\040\000D\000e\000s\000c\000r\000i\000p\000t\000i\000o\000n}{section.4.15}% 61
\BOOKMARK [2][-]{subsection.4.15.2}{\376\377\0004\000.\0001\0005\000.\0002\000\040\000M\000e\000m\000b\000e\000r\000\040\000F\000u\000n\000c\000t\000i\000o\000n\000\040\000D\000o\000c\000u\000m\000e\000n\000t\000a\000t\000i\000o\000n}{section.4.15}% 62
\BOOKMARK [3][-]{subsubsection.4.15.2.1}{\376\377\0004\000.\0001\0005\000.\0002\000.\0001\000\040\000g\000e\000t\000\137\000f\000i\000g\000u\000r\000e\000\137\000n\000b\000\137\000t\000i\000m\000e\000\137\000r\000e\000f\000e\000r\000e\000n\000c\000e\000d\000\050\000\051}{subsection.4.15.2}% 63
\BOOKMARK [3][-]{subsubsection.4.15.2.2}{\376\377\0004\000.\0001\0005\000.\0002\000.\0002\000\040\000g\000e\000t\000C\000u\000s\000t\000o\000m\000D\000a\000t\000a\000\050\000\051}{subsection.4.15.2}% 64
\BOOKMARK [3][-]{subsubsection.4.15.2.3}{\376\377\0004\000.\0001\0005\000.\0002\000.\0003\000\040\000g\000e\000t\000H\000o\000v\000e\000r\000T\000e\000m\000p\000l\000a\000t\000e\000\050\000\051}{subsection.4.15.2}% 65
